<?xml version="1.0" encoding="UTF-8"?>
<!-- Generated by org.testng.reporters.JUnitReportReporter -->
<testsuite hostname="MacBook-Pro-Julia.local" name="generalTests.Login" tests="1" failures="0" timestamp="11 Oct 2017 14:01:11 GMT" time="8.805" errors="0">
  <testcase name="Test" time="8.805" classname="generalTests.Login"/>
</testsuite> <!-- generalTests.Login -->
